<?xml version="1.0" encoding="utf-8"?><testsuites name="pytest tests"><testsuite name="pytest" errors="0" failures="0" skipped="0" tests="13" time="3.638" timestamp="2026-03-22T21:40:53.739992+00:00" hostname="agent-env-f5320665-2732-4f6c-aab5-4ba5da0c9781"><testcase classname="backend.tests.test_coaching_system.TestExclusivityCheck" name="test_exclusivity_check_good_buyer" time="0.425" /><testcase classname="backend.tests.test_coaching_system.TestExclusivityCheck" name="test_exclusivity_check_bad_buyer" time="0.339" /><testcase classname="backend.tests.test_coaching_system.TestExclusivityCheck" name="test_exclusivity_check_premature" time="0.328" /><testcase classname="backend.tests.test_coaching_system.TestDealNudges" name="test_nudge_nc02_interest_no_loi" time="0.339" /><testcase classname="backend.tests.test_coaching_system.TestDealNudges" name="test_nudge_nc01_dead_deal" time="0.322" /><testcase classname="backend.tests.test_coaching_system.TestDealNudges" name="test_nudge_nc03_loi_no_dd" time="0.325" /><testcase classname="backend.tests.test_coaching_system.TestSellerNudges" name="test_seller_nudges_tech_nc01" time="0.337" /><testcase classname="backend.tests.test_coaching_system.TestSellerNudges" name="test_seller_nudges_creative" time="0.338" /><testcase classname="backend.tests.test_coaching_system.TestSellerNudges" name="test_seller_nudges_sorted_by_priority" time="0.344" /><testcase classname="backend.tests.test_coaching_system.TestExports" name="test_exports_zip_download" time="0.054" /><testcase classname="backend.tests.test_coaching_system.TestCoachingAuth" name="test_exclusivity_check_requires_auth" time="0.149" /><testcase classname="backend.tests.test_coaching_system.TestCoachingAuth" name="test_deal_nudges_requires_auth" time="0.166" /><testcase classname="backend.tests.test_coaching_system.TestCoachingAuth" name="test_seller_nudges_requires_auth" time="0.116" /></testsuite></testsuites>