<?xml version="1.0" encoding="utf-8"?><testsuites name="pytest tests"><testsuite name="pytest" errors="0" failures="0" skipped="0" tests="23" time="3.608" timestamp="2026-03-26T19:42:59.029435+00:00" hostname="agent-env-1117c9bb-f0d2-4cb1-9e78-b8f5863ca73a"><testcase classname="backend.tests.test_plans_pricing.TestPlansPublicAPI" name="test_plans_public_endpoint_returns_200" time="0.324" /><testcase classname="backend.tests.test_plans_pricing.TestPlansPublicAPI" name="test_plans_public_returns_correct_structure" time="0.172" /><testcase classname="backend.tests.test_plans_pricing.TestPlansPublicAPI" name="test_plans_grouped_by_role" time="0.152" /><testcase classname="backend.tests.test_plans_pricing.TestSellerPlans" name="test_seller_plans_count_and_content" time="0.161" /><testcase classname="backend.tests.test_plans_pricing.TestSellerPlans" name="test_seller_interaction_limits" time="0.151" /><testcase classname="backend.tests.test_plans_pricing.TestSellerPlans" name="test_seller_annual_prices" time="0.130" /><testcase classname="backend.tests.test_plans_pricing.TestSellerPlans" name="test_seller_plans_have_taglines" time="0.140" /><testcase classname="backend.tests.test_plans_pricing.TestBuyerPlans" name="test_buyer_plans_count_and_content" time="0.131" /><testcase classname="backend.tests.test_plans_pricing.TestBuyerPlans" name="test_buyer_interaction_limits" time="0.123" /><testcase classname="backend.tests.test_plans_pricing.TestBuyerPlans" name="test_buyer_annual_prices" time="0.119" /><testcase classname="backend.tests.test_plans_pricing.TestBuyerPlans" name="test_buyer_plans_have_taglines" time="0.161" /><testcase classname="backend.tests.test_plans_pricing.TestAdvisorPlan" name="test_advisor_plan_content" time="0.131" /><testcase classname="backend.tests.test_plans_pricing.TestAdvisorPlan" name="test_advisor_rules" time="0.302" /><testcase classname="backend.tests.test_plans_pricing.TestAdvisorPlan" name="test_advisor_conditions" time="0.135" /><testcase classname="backend.tests.test_plans_pricing.TestAdvisorPlan" name="test_advisor_plan_has_tagline" time="0.148" /><testcase classname="backend.tests.test_plans_pricing.TestFeeRulesAndFAQ" name="test_fee_rules_for_each_role" time="0.150" /><testcase classname="backend.tests.test_plans_pricing.TestFeeRulesAndFAQ" name="test_faq_items_count" time="0.148" /><testcase classname="backend.tests.test_plans_pricing.TestFeeRulesAndFAQ" name="test_faq_has_interaction_question" time="0.136" /><testcase classname="backend.tests.test_plans_pricing.TestFeeRulesAndFAQ" name="test_faq_items_structure" time="0.121" /><testcase classname="backend.tests.test_plans_pricing.TestInteractionTypes" name="test_interaction_types_returned" time="0.117" /><testcase classname="backend.tests.test_plans_pricing.TestInteractionTypes" name="test_interaction_types_structure" time="0.124" /><testcase classname="backend.tests.test_plans_pricing.TestPlanFeatures" name="test_plan_features_exist" time="0.132" /><testcase classname="backend.tests.test_plans_pricing.TestPlanFeatures" name="test_plan_badges" time="0.102" /></testsuite></testsuites>