<?xml version="1.0" encoding="utf-8"?><testsuites name="pytest tests"><testsuite name="pytest" errors="0" failures="0" skipped="0" tests="14" time="5.904" timestamp="2026-03-22T19:24:41.993800+00:00" hostname="agent-env-c837f74b-13b6-4fba-8b61-f1cd6fd3cbbc"><testcase classname="backend.tests.test_buyer_onboarding_matching.TestBuyerRegistration" name="test_register_new_buyer" time="0.583" /><testcase classname="backend.tests.test_buyer_onboarding_matching.TestBuyerOnboarding" name="test_get_taxonomy_categories" time="0.106" /><testcase classname="backend.tests.test_buyer_onboarding_matching.TestBuyerOnboarding" name="test_buyer_profile_incomplete_initially" time="0.447" /><testcase classname="backend.tests.test_buyer_onboarding_matching.TestBuyerOnboarding" name="test_update_buyer_profile_partial" time="0.438" /><testcase classname="backend.tests.test_buyer_onboarding_matching.TestBuyerOnboarding" name="test_update_buyer_profile_complete_strategic" time="0.658" /><testcase classname="backend.tests.test_buyer_onboarding_matching.TestBuyerOnboarding" name="test_update_buyer_profile_financial_subtype" time="0.436" /><testcase classname="backend.tests.test_buyer_onboarding_matching.TestMatchingAPI" name="test_matching_deals_requires_auth" time="0.141" /><testcase classname="backend.tests.test_buyer_onboarding_matching.TestMatchingAPI" name="test_matching_deals_incomplete_profile" time="0.483" /><testcase classname="backend.tests.test_buyer_onboarding_matching.TestMatchingAPI" name="test_matching_deals_complete_profile" time="0.534" /><testcase classname="backend.tests.test_buyer_onboarding_matching.TestMatchingAPI" name="test_matching_deals_affinity_labels_spanish" time="0.529" /><testcase classname="backend.tests.test_buyer_onboarding_matching.TestProfileCompleteBlocking" name="test_interest_blocked_without_complete_profile" time="0.563" /><testcase classname="backend.tests.test_buyer_onboarding_matching.TestActivationPreview" name="test_activation_preview_returns_buyer_stats" time="0.562" /><testcase classname="backend.tests.test_buyer_onboarding_matching.TestMarketplaceSortByRelevance" name="test_marketplace_deals_public" time="0.124" /><testcase classname="backend.tests.test_buyer_onboarding_matching.TestMarketplaceSortByRelevance" name="test_marketplace_stats" time="0.104" /></testsuite></testsuites>