<?xml version="1.0" encoding="utf-8"?><testsuites name="pytest tests"><testsuite name="pytest" errors="0" failures="0" skipped="0" tests="16" time="6.842" timestamp="2026-03-25T21:13:50.941500+00:00" hostname="agent-env-37d71687-5231-414a-bf59-9f9e75786d48"><testcase classname="backend.tests.test_deal_readiness.TestDealReadinessAPI" name="test_readiness_endpoint_returns_200" time="0.512" /><testcase classname="backend.tests.test_deal_readiness.TestDealReadinessAPI" name="test_readiness_returns_score_and_status" time="0.427" /><testcase classname="backend.tests.test_deal_readiness.TestDealReadinessAPI" name="test_readiness_returns_obligatory_items" time="0.385" /><testcase classname="backend.tests.test_deal_readiness.TestDealReadinessAPI" name="test_readiness_returns_recommended_items" time="0.416" /><testcase classname="backend.tests.test_deal_readiness.TestDealReadinessAPI" name="test_readiness_returns_missing_items" time="0.463" /><testcase classname="backend.tests.test_deal_readiness.TestDealReadinessAPI" name="test_readiness_score_calculation" time="0.402" /><testcase classname="backend.tests.test_deal_readiness.TestDealReadinessAPI" name="test_readiness_cta_href_values" time="0.379" /><testcase classname="backend.tests.test_deal_readiness.TestDealReadinessAPI" name="test_readiness_publish_warning_fields" time="0.389" /><testcase classname="backend.tests.test_deal_readiness.TestDealReadinessAPI" name="test_readiness_requires_authentication" time="0.435" /><testcase classname="backend.tests.test_deal_readiness.TestDealReadinessAPI" name="test_readiness_deal_not_found" time="0.387" /><testcase classname="backend.tests.test_deal_readiness.TestActivateEndpoint" name="test_activate_non_draft_deal_returns_400" time="0.397" /><testcase classname="backend.tests.test_deal_readiness.TestActivateEndpoint" name="test_activate_requires_authentication" time="0.542" /><testcase classname="backend.tests.test_deal_readiness.TestActivateEndpoint" name="test_activate_deal_not_found" time="0.428" /><testcase classname="backend.tests.test_deal_readiness.TestReadinessItemIds" name="test_obligatory_item_ids" time="0.382" /><testcase classname="backend.tests.test_deal_readiness.TestReadinessItemIds" name="test_recommended_item_ids" time="0.440" /><testcase classname="backend.tests.test_deal_readiness.TestReadinessItemIds" name="test_cta_labels_in_spanish" time="0.374" /></testsuite></testsuites>