<?xml version="1.0" encoding="utf-8"?><testsuites name="pytest tests"><testsuite name="pytest" errors="0" failures="0" skipped="1" tests="12" time="3.001" timestamp="2026-03-25T21:23:37.952079+00:00" hostname="agent-env-37d71687-5231-414a-bf59-9f9e75786d48"><testcase classname="backend.tests.test_deal_health.TestDealHealthEndpoint" name="test_health_endpoint_requires_auth" time="0.183" /><testcase classname="backend.tests.test_deal_health.TestDealHealthEndpoint" name="test_health_invalid_deal_returns_404" time="0.492" /><testcase classname="backend.tests.test_deal_health.TestDealHealthEndpoint" name="test_health_returns_correct_structure" time="0.109" /><testcase classname="backend.tests.test_deal_health.TestDealHealthEndpoint" name="test_healthy_deal_returns_verde" time="0.117" /><testcase classname="backend.tests.test_deal_health.TestDealHealthEndpoint" name="test_unhealthy_deal_has_alerts" time="0.434" /><testcase classname="backend.tests.test_deal_health.TestDealHealthEndpoint" name="test_alert_structure" time="0.134" /><testcase classname="backend.tests.test_deal_health.TestDealHealthEndpoint" name="test_nc01_sin_traccion_detection" time="0.209" /><testcase classname="backend.tests.test_deal_health.TestDealHealthEndpoint" name="test_health_semaphore_logic" time="0.106" /><testcase classname="backend.tests.test_deal_health.TestDealHealthEndpoint" name="test_alerts_sorted_by_severity" time="0.127"><skipped type="pytest.skip" message="Need at least 2 alerts to test sorting">/app/backend/tests/test_deal_health.py:215: Need at least 2 alerts to test sorting</skipped></testcase><testcase classname="backend.tests.test_deal_health.TestDealHealthEndpoint" name="test_category_codes" time="0.103" /><testcase classname="backend.tests.test_deal_health.TestReadinessRegression" name="test_readiness_still_works" time="0.454" /><testcase classname="backend.tests.test_deal_health.TestHealthWithDifferentDeals" name="test_ghost_deal_health" time="0.458" /></testsuite></testsuites>