<?xml version="1.0" encoding="utf-8"?><testsuites name="pytest tests"><testsuite name="pytest" errors="0" failures="0" skipped="0" tests="24" time="11.042" timestamp="2026-03-26T21:18:04.685914+00:00" hostname="agent-env-1117c9bb-f0d2-4cb1-9e78-b8f5863ca73a"><testcase classname="tests.test_nda_deeplink.TestNDATemplate" name="test_nda_template_requires_auth" time="0.609" /><testcase classname="tests.test_nda_deeplink.TestNDATemplate" name="test_nda_template_returns_rendered_text" time="0.451" /><testcase classname="tests.test_nda_deeplink.TestNDATemplate" name="test_nda_template_version_2_0" time="0.454" /><testcase classname="tests.test_nda_deeplink.TestNDATemplate" name="test_nda_template_is_mutual" time="0.484" /><testcase classname="tests.test_nda_deeplink.TestNDATemplate" name="test_nda_template_madrid_jurisdiction" time="0.484" /><testcase classname="tests.test_nda_deeplink.TestNDATemplate" name="test_nda_template_contains_bud_advisors" time="0.488" /><testcase classname="tests.test_nda_deeplink.TestNDATemplate" name="test_nda_template_contains_cif" time="0.472" /><testcase classname="tests.test_nda_deeplink.TestNDATemplate" name="test_nda_template_has_10_clauses" time="0.441" /><testcase classname="tests.test_nda_deeplink.TestNDATemplate" name="test_nda_template_404_for_invalid_deal" time="0.510" /><testcase classname="tests.test_nda_deeplink.TestNDASign" name="test_nda_sign_requires_auth" time="0.535" /><testcase classname="tests.test_nda_deeplink.TestNDASign" name="test_nda_sign_requires_accept_terms" time="0.474" /><testcase classname="tests.test_nda_deeplink.TestNDASign" name="test_nda_sign_requires_signer_name" time="0.491" /><testcase classname="tests.test_nda_deeplink.TestNDASign" name="test_nda_sign_success_or_already_signed" time="0.713" /><testcase classname="tests.test_nda_deeplink.TestNDASign" name="test_nda_sign_404_for_invalid_deal" time="0.463" /><testcase classname="tests.test_nda_deeplink.TestNDAPdfAndEmail" name="test_nda_pdf_requires_auth" time="0.508" /><testcase classname="tests.test_nda_deeplink.TestNDAPdfAndEmail" name="test_nda_pdf_returns_url_or_stream" time="0.476" /><testcase classname="tests.test_nda_deeplink.TestNDAPdfAndEmail" name="test_nda_pdf_403_for_other_user" time="0.791" /><testcase classname="tests.test_nda_deeplink.TestNDAPdfAndEmail" name="test_nda_send_email_requires_auth" time="0.509" /><testcase classname="tests.test_nda_deeplink.TestNDAPdfAndEmail" name="test_nda_send_email_success" time="0.476" /><testcase classname="tests.test_nda_deeplink.TestNDAMySignatures" name="test_my_signatures_requires_auth" time="0.452" /><testcase classname="tests.test_nda_deeplink.TestNDAMySignatures" name="test_my_signatures_returns_list" time="0.385" /><testcase classname="tests.test_nda_deeplink.TestNDAEmailTemplate" name="test_nda_buyer_signed_template_exists" time="0.001" /><testcase classname="tests.test_nda_deeplink.TestDeepLinks" name="test_plans_page_loads" time="0.159" /><testcase classname="tests.test_nda_deeplink.TestDeepLinks" name="test_plans_api_returns_data" time="0.125" /></testsuite></testsuites>