<?xml version="1.0" encoding="utf-8"?><testsuites name="pytest tests"><testsuite name="pytest" errors="0" failures="0" skipped="0" tests="21" time="9.845" timestamp="2026-03-26T12:46:45.079920+00:00" hostname="agent-env-1117c9bb-f0d2-4cb1-9e78-b8f5863ca73a"><testcase classname="backend.tests.test_valuation_module.TestValuationPublicEndpoints" name="test_taxonomy_categories_returns_10_categories" time="0.293" /><testcase classname="backend.tests.test_valuation_module.TestValuationPublicEndpoints" name="test_taxonomy_subcategories_valid_category" time="0.178" /><testcase classname="backend.tests.test_valuation_module.TestValuationPublicEndpoints" name="test_taxonomy_subcategories_invalid_category" time="0.118" /><testcase classname="backend.tests.test_valuation_module.TestValuationPublicEndpoints" name="test_public_config_returns_disclaimer_and_premium_info" time="0.108" /><testcase classname="backend.tests.test_valuation_module.TestValuationAuthenticatedEndpoints" name="test_estimate_requires_auth" time="0.480" /><testcase classname="backend.tests.test_valuation_module.TestValuationAuthenticatedEndpoints" name="test_estimate_requires_legal_confirm" time="0.456" /><testcase classname="backend.tests.test_valuation_module.TestValuationAuthenticatedEndpoints" name="test_estimate_creates_valuation_lead" time="0.467" /><testcase classname="backend.tests.test_valuation_module.TestValuationAuthenticatedEndpoints" name="test_my_valuations_returns_user_valuations" time="0.479" /><testcase classname="backend.tests.test_valuation_module.TestValuationAuthenticatedEndpoints" name="test_get_lead_by_id" time="0.572" /><testcase classname="backend.tests.test_valuation_module.TestValuationAuthenticatedEndpoints" name="test_get_lead_not_found" time="0.442" /><testcase classname="backend.tests.test_valuation_module.TestValuationAuthenticatedEndpoints" name="test_premium_request_creates_request" time="0.574" /><testcase classname="backend.tests.test_valuation_module.TestValuationAuthenticatedEndpoints" name="test_premium_request_invalid_lead" time="0.484" /><testcase classname="backend.tests.test_valuation_module.TestValuationAuthenticatedEndpoints" name="test_send_result_email" time="0.587" /><testcase classname="backend.tests.test_valuation_module.TestValuationAuthenticatedEndpoints" name="test_send_result_email_invalid_lead" time="0.449" /><testcase classname="backend.tests.test_valuation_module.TestValuationEngineCalculations" name="test_positive_ebitda_uses_ebitda_multiples" time="0.438" /><testcase classname="backend.tests.test_valuation_module.TestValuationEngineCalculations" name="test_negative_ebitda_uses_revenue_fallback" time="0.447" /><testcase classname="backend.tests.test_valuation_module.TestValuationEngineCalculations" name="test_quality_score_affects_valuation" time="0.567" /><testcase classname="backend.tests.test_valuation_module.TestValuationEngineCalculations" name="test_confidence_levels" time="0.582" /><testcase classname="backend.tests.test_valuation_module.TestValuationEngineCalculations" name="test_category_multiples_from_cis" time="0.704" /><testcase classname="backend.tests.test_valuation_module.TestValuationAccessControl" name="test_buyer_can_create_valuation" time="0.441" /><testcase classname="backend.tests.test_valuation_module.TestValuationAccessControl" name="test_user_cannot_access_other_users_lead" time="0.883" /></testsuite></testsuites>