<?xml version="1.0" encoding="utf-8"?><testsuites name="pytest tests"><testsuite name="pytest" errors="0" failures="0" skipped="0" tests="18" time="12.372" timestamp="2026-03-25T20:41:48.096605+00:00" hostname="agent-env-37d71687-5231-414a-bf59-9f9e75786d48"><testcase classname="backend.tests.test_qa_workspace.TestAcceptInterestEndpoint" name="test_accept_already_accepted_buyer_fails" time="0.551" /><testcase classname="backend.tests.test_qa_workspace.TestAcceptInterestEndpoint" name="test_accept_exclusivity_buyer_fails" time="0.453" /><testcase classname="backend.tests.test_qa_workspace.TestAcceptInterestEndpoint" name="test_accept_nonexistent_engagement_fails" time="0.470" /><testcase classname="backend.tests.test_qa_workspace.TestAcceptInterestEndpoint" name="test_accept_unauthorized_fails" time="0.484" /><testcase classname="backend.tests.test_qa_workspace.TestDealEngagementsWithConversation" name="test_list_deal_engagements_includes_conversation_id" time="0.495" /><testcase classname="backend.tests.test_qa_workspace.TestSellerInteresadosWithConversation" name="test_seller_interesados_includes_conversation_id" time="0.469" /><testcase classname="backend.tests.test_qa_workspace.TestBuyerMyProcessesWithConversation" name="test_my_processes_includes_conversation_id" time="0.502" /><testcase classname="backend.tests.test_qa_workspace.TestConversationEndpoints" name="test_get_conversation_detail" time="0.790" /><testcase classname="backend.tests.test_qa_workspace.TestConversationEndpoints" name="test_get_conversation_unauthorized" time="1.174" /><testcase classname="backend.tests.test_qa_workspace.TestConversationEndpoints" name="test_get_conversation_not_found" time="0.807" /><testcase classname="backend.tests.test_qa_workspace.TestConversationEndpoints" name="test_buyer_create_question" time="0.783" /><testcase classname="backend.tests.test_qa_workspace.TestConversationEndpoints" name="test_seller_cannot_create_question" time="0.800" /><testcase classname="backend.tests.test_qa_workspace.TestConversationEndpoints" name="test_seller_answer_question" time="0.901" /><testcase classname="backend.tests.test_qa_workspace.TestConversationEndpoints" name="test_buyer_cannot_answer" time="0.807" /><testcase classname="backend.tests.test_qa_workspace.TestConversationEndpoints" name="test_seller_close_question" time="1.099" /><testcase classname="backend.tests.test_qa_workspace.TestConversationEndpoints" name="test_buyer_cannot_close_question" time="0.803" /><testcase classname="backend.tests.test_qa_workspace.TestConversationsForDeal" name="test_get_deal_conversations" time="0.459" /><testcase classname="backend.tests.test_qa_workspace.TestShortlistNoLongerCreatesConversation" name="test_shortlist_does_not_create_conversation" time="0.431" /></testsuite></testsuites>