<?xml version="1.0" encoding="utf-8"?><testsuites name="pytest tests"><testsuite name="pytest" errors="0" failures="0" skipped="0" tests="21" time="1.870" timestamp="2026-03-22T20:29:20.713911+00:00" hostname="agent-env-c837f74b-13b6-4fba-8b61-f1cd6fd3cbbc"><testcase classname="backend.tests.test_suggestion_engine.TestSuggestionsEndpoint" name="test_get_suggestions_returns_200" time="0.559" /><testcase classname="backend.tests.test_suggestion_engine.TestSuggestionsEndpoint" name="test_suggestions_buyer_structure" time="0.127" /><testcase classname="backend.tests.test_suggestion_engine.TestSuggestionsEndpoint" name="test_shortlist_status_structure" time="0.055" /><testcase classname="backend.tests.test_suggestion_engine.TestSuggestionsEndpoint" name="test_suggestions_requires_auth" time="0.133" /><testcase classname="backend.tests.test_suggestion_engine.TestClassificationLogic" name="test_classification_values_valid" time="0.053" /><testcase classname="backend.tests.test_suggestion_engine.TestClassificationLogic" name="test_buyer_with_loi_media_intention_is_consider" time="0.050" /><testcase classname="backend.tests.test_suggestion_engine.TestClassificationLogic" name="test_buyer_with_baja_intention_is_low_priority" time="0.054" /><testcase classname="backend.tests.test_suggestion_engine.TestClassificationLogic" name="test_alta_intention_no_loi_is_consider" time="0.060" /><testcase classname="backend.tests.test_suggestion_engine.TestClassificationLogic" name="test_shortlisted_buyer_is_already_shortlisted" time="0.052" /><testcase classname="backend.tests.test_suggestion_engine.TestClassificationLogic" name="test_rejected_buyer_is_rejected" time="0.050" /><testcase classname="backend.tests.test_suggestion_engine.TestClassificationLogic" name="test_buyers_sorted_by_classification_and_score" time="0.052" /><testcase classname="backend.tests.test_suggestion_engine.TestRecommendationBanner" name="test_recommendation_structure_when_present" time="0.053" /><testcase classname="backend.tests.test_suggestion_engine.TestRecommendationBanner" name="test_recommendation_respects_max_3_shortlist" time="0.055" /><testcase classname="backend.tests.test_suggestion_engine.TestExclusivitySuggestion" name="test_exclusivity_candidate_structure" time="0.050" /><testcase classname="backend.tests.test_suggestion_engine.TestExclusivitySuggestion" name="test_exclusivity_requires_strict_criteria" time="0.052" /><testcase classname="backend.tests.test_suggestion_engine.TestActionLabels" name="test_action_labels_in_spanish" time="0.056" /><testcase classname="backend.tests.test_suggestion_engine.TestActionLabels" name="test_recommended_shortlist_action_is_shortlist" time="0.051" /><testcase classname="backend.tests.test_suggestion_engine.TestActionLabels" name="test_consider_action_is_wait" time="0.056" /><testcase classname="backend.tests.test_suggestion_engine.TestActionLabels" name="test_low_priority_action_is_discard" time="0.056" /><testcase classname="backend.tests.test_suggestion_engine.TestIntentFactorsInSuggestions" name="test_intent_factors_present" time="0.057" /><testcase classname="backend.tests.test_suggestion_engine.TestIntentFactorsInSuggestions" name="test_intent_score_and_level_present" time="0.056" /></testsuite></testsuites>