<?xml version="1.0" encoding="utf-8"?><testsuites name="pytest tests"><testsuite name="pytest" errors="0" failures="0" skipped="0" tests="18" time="46.660" timestamp="2026-03-25T21:51:40.074710+00:00" hostname="agent-env-1117c9bb-f0d2-4cb1-9e78-b8f5863ca73a"><testcase classname="backend.tests.test_seller_wizard_v2.TestSellerWizardAuth" name="test_login_seller" time="0.487" /><testcase classname="backend.tests.test_seller_wizard_v2.TestCifLookup" name="test_cif_lookup_requires_auth" time="0.127" /><testcase classname="backend.tests.test_seller_wizard_v2.TestCifLookup" name="test_cif_lookup_invalid_cif" time="0.484" /><testcase classname="backend.tests.test_seller_wizard_v2.TestCifLookup" name="test_cif_lookup_valid_cif" time="1.151" /><testcase classname="backend.tests.test_seller_wizard_v2.TestCompaniesAPI" name="test_list_companies" time="0.475" /><testcase classname="backend.tests.test_seller_wizard_v2.TestCompaniesAPI" name="test_get_company" time="0.228" /><testcase classname="backend.tests.test_seller_wizard_v2.TestCompaniesAPI" name="test_update_company" time="0.288" /><testcase classname="backend.tests.test_seller_wizard_v2.TestFinancialsAPI" name="test_update_financials" time="0.571" /><testcase classname="backend.tests.test_seller_wizard_v2.TestValuationAPI" name="test_calculate_valuation" time="0.592" /><testcase classname="backend.tests.test_seller_wizard_v2.TestValuationAPI" name="test_get_valuation" time="0.118" /><testcase classname="backend.tests.test_seller_wizard_v2.TestDealsAPI" name="test_list_deals" time="0.433" /><testcase classname="backend.tests.test_seller_wizard_v2.TestDealsAPI" name="test_get_deal" time="0.269" /><testcase classname="backend.tests.test_seller_wizard_v2.TestTeaserAPI" name="test_generate_teaser" time="2.908" /><testcase classname="backend.tests.test_seller_wizard_v2.TestTeaserAPI" name="test_get_teaser" time="0.268" /><testcase classname="backend.tests.test_seller_wizard_v2.TestInfomemoAPI" name="test_generate_infomemo" time="36.861" /><testcase classname="backend.tests.test_seller_wizard_v2.TestInfomemoAPI" name="test_get_infomemo" time="0.348" /><testcase classname="backend.tests.test_seller_wizard_v2.TestCreateNewCompanyFlow" name="test_company_create_structure" time="0.447" /><testcase classname="backend.tests.test_seller_wizard_v2.TestDealCreateFlow" name="test_deal_create_structure" time="0.525" /></testsuite></testsuites>