<?xml version="1.0" encoding="utf-8"?><testsuites name="pytest tests"><testsuite name="pytest" errors="0" failures="0" skipped="0" tests="29" time="6.224" timestamp="2026-04-09T17:05:34.157569+00:00" hostname="agent-env-10db66ba-36a8-4210-bea8-8fde3c5968fd"><testcase classname="tests.test_deal_presentation_orchestrator.TestHealthCheck" name="test_api_health" time="0.263" /><testcase classname="tests.test_deal_presentation_orchestrator.TestContactRequestCreation" name="test_create_contact_request_requires_buyer_role" time="0.546" /><testcase classname="tests.test_deal_presentation_orchestrator.TestContactRequestCreation" name="test_duplicate_contact_request_prevention" time="0.451" /><testcase classname="tests.test_deal_presentation_orchestrator.TestContactRequestCreation" name="test_contact_request_for_nonexistent_deal" time="0.114" /><testcase classname="tests.test_deal_presentation_orchestrator.TestContactRequestAcceptReject" name="test_accept_requires_seller_ownership" time="0.101" /><testcase classname="tests.test_deal_presentation_orchestrator.TestContactRequestAcceptReject" name="test_reject_requires_seller_ownership" time="0.107" /><testcase classname="tests.test_deal_presentation_orchestrator.TestSellerContactPolicy" name="test_get_contact_policy" time="0.115" /><testcase classname="tests.test_deal_presentation_orchestrator.TestSellerContactPolicy" name="test_update_contact_policy_to_auto_accept" time="0.144" /><testcase classname="tests.test_deal_presentation_orchestrator.TestSellerContactPolicy" name="test_update_contact_policy_to_manual_review" time="0.151" /><testcase classname="tests.test_deal_presentation_orchestrator.TestSellerContactPolicy" name="test_invalid_contact_policy_rejected" time="0.160" /><testcase classname="tests.test_deal_presentation_orchestrator.TestSellerContactPolicy" name="test_buyer_cannot_set_contact_policy" time="0.111" /><testcase classname="tests.test_deal_presentation_orchestrator.TestPresentationFreeBuyer" name="test_free_buyer_with_accepted_contact_gets_teaser_unlocked" time="0.140" /><testcase classname="tests.test_deal_presentation_orchestrator.TestPresentationFreeBuyer" name="test_free_buyer_deal_summary_no_contact_info" time="0.114" /><testcase classname="tests.test_deal_presentation_orchestrator.TestPresentationProBuyer" name="test_pro_buyer_with_accepted_contact_gets_nda_available" time="0.457" /><testcase classname="tests.test_deal_presentation_orchestrator.TestPresentationProBuyer" name="test_pro_buyer_with_nda_gets_operative_access" time="0.448" /><testcase classname="tests.test_deal_presentation_orchestrator.TestPresentationProPlusBuyer" name="test_proplus_buyer_no_contact_sees_locked" time="0.473" /><testcase classname="tests.test_deal_presentation_orchestrator.TestPresentationProPlusBuyer" name="test_proplus_buyer_premium_modules_placeholder" time="0.144" /><testcase classname="tests.test_deal_presentation_orchestrator.TestPresentationContentRichness" name="test_content_richness_score_computed" time="0.114" /><testcase classname="tests.test_deal_presentation_orchestrator.TestPresentationContentRichness" name="test_visual_mode_computed" time="0.110" /><testcase classname="tests.test_deal_presentation_orchestrator.TestPresentationModulesVisible" name="test_modules_visible_filtered_by_state" time="0.111" /><testcase classname="tests.test_deal_presentation_orchestrator.TestPresentationModulesVisible" name="test_operative_access_has_all_modules" time="0.103" /><testcase classname="tests.test_deal_presentation_orchestrator.TestPresentationLayout" name="test_layout_sections_returned" time="0.098" /><testcase classname="tests.test_deal_presentation_orchestrator.TestPresentationCTAEngine" name="test_primary_cta_structure" time="0.118" /><testcase classname="tests.test_deal_presentation_orchestrator.TestPresentationCTAEngine" name="test_secondary_cta_for_locked_state" time="0.120" /><testcase classname="tests.test_deal_presentation_orchestrator.TestAutoAcceptPolicy" name="test_auto_accept_creates_accepted_request" time="0.683" /><testcase classname="tests.test_deal_presentation_orchestrator.TestListContactRequests" name="test_seller_can_list_contact_requests" time="0.113" /><testcase classname="tests.test_deal_presentation_orchestrator.TestListContactRequests" name="test_buyer_cannot_list_contact_requests" time="0.114" /><testcase classname="tests.test_deal_presentation_orchestrator.TestPresentationRequiresAuth" name="test_presentation_requires_auth" time="0.120" /><testcase classname="tests.test_deal_presentation_orchestrator.TestPresentationRequiresAuth" name="test_presentation_deal_not_found" time="0.275" /></testsuite></testsuites>