<?xml version="1.0" encoding="utf-8"?><testsuites name="pytest tests"><testsuite name="pytest" errors="0" failures="0" skipped="0" tests="19" time="2.131" timestamp="2026-03-22T18:27:04.738708+00:00" hostname="agent-env-f35df073-22d4-4764-abad-b3f6e5555675"><testcase classname="backend.tests.test_buyer_flow.TestTaxonomyEndpoints" name="test_get_taxonomy_categories" time="0.135" /><testcase classname="backend.tests.test_buyer_flow.TestTaxonomyEndpoints" name="test_get_taxonomy_subcategories" time="0.055" /><testcase classname="backend.tests.test_buyer_flow.TestMarketplaceEndpoints" name="test_marketplace_deals_only_published" time="0.052" /><testcase classname="backend.tests.test_buyer_flow.TestMarketplaceEndpoints" name="test_marketplace_sectors_uses_taxonomy" time="0.051" /><testcase classname="backend.tests.test_buyer_flow.TestMarketplaceEndpoints" name="test_marketplace_stats" time="0.047" /><testcase classname="backend.tests.test_buyer_flow.TestDealPagePreNDA" name="test_deal_page_public_unauthenticated" time="0.049" /><testcase classname="backend.tests.test_buyer_flow.TestDealPagePreNDA" name="test_deal_page_authenticated_no_nda" time="0.356" /><testcase classname="backend.tests.test_buyer_flow.TestNDASigning" name="test_sign_nda_requires_auth" time="0.125" /><testcase classname="backend.tests.test_buyer_flow.TestNDASigning" name="test_sign_nda_success" time="0.056" /><testcase classname="backend.tests.test_buyer_flow.TestNDASigning" name="test_sign_nda_idempotent" time="0.326" /><testcase classname="backend.tests.test_buyer_flow.TestDealPagePostNDA" name="test_deal_page_post_nda_shows_infomemo" time="0.053" /><testcase classname="backend.tests.test_buyer_flow.TestDealPagePostNDA" name="test_deal_page_post_nda_shows_company_identity" time="0.051" /><testcase classname="backend.tests.test_buyer_flow.TestDealPagePostNDA" name="test_deal_page_post_nda_has_activity_log" time="0.051" /><testcase classname="backend.tests.test_buyer_flow.TestActivationPreview" name="test_activation_preview_requires_auth" time="0.046" /><testcase classname="backend.tests.test_buyer_flow.TestActivationPreview" name="test_activation_preview_seller_only" time="0.049" /><testcase classname="backend.tests.test_buyer_flow.TestActivationPreview" name="test_activation_preview_success" time="0.328" /><testcase classname="backend.tests.test_buyer_flow.TestDealFunnel" name="test_funnel_requires_auth" time="0.115" /><testcase classname="backend.tests.test_buyer_flow.TestDealFunnel" name="test_funnel_seller_access" time="0.055" /><testcase classname="backend.tests.test_buyer_flow.TestDraftDealsNotVisible" name="test_draft_deal_not_in_marketplace" time="0.049" /></testsuite></testsuites>