<?xml version="1.0" encoding="utf-8"?><testsuites name="pytest tests"><testsuite name="pytest" errors="0" failures="0" skipped="0" tests="18" time="3.081" timestamp="2026-03-22T20:16:08.378345+00:00" hostname="agent-env-c837f74b-13b6-4fba-8b61-f1cd6fd3cbbc"><testcase classname="backend.tests.test_time_tracking_intent.TestTimeTrackingEndpoint" name="test_track_time_valid_section_deal_page" time="0.750" /><testcase classname="backend.tests.test_time_tracking_intent.TestTimeTrackingEndpoint" name="test_track_time_valid_section_infomemo" time="0.050" /><testcase classname="backend.tests.test_time_tracking_intent.TestTimeTrackingEndpoint" name="test_track_time_valid_section_data_room" time="0.054" /><testcase classname="backend.tests.test_time_tracking_intent.TestTimeTrackingEndpoint" name="test_track_time_invalid_section_rejected" time="0.058" /><testcase classname="backend.tests.test_time_tracking_intent.TestTimeTrackingEndpoint" name="test_track_time_zero_duration_not_tracked" time="0.052" /><testcase classname="backend.tests.test_time_tracking_intent.TestTimeTrackingEndpoint" name="test_track_time_negative_duration_not_tracked" time="0.048" /><testcase classname="backend.tests.test_time_tracking_intent.TestTimeTrackingEndpoint" name="test_track_time_session_accumulates" time="0.101" /><testcase classname="backend.tests.test_time_tracking_intent.TestTimeTrackingEndpoint" name="test_track_time_requires_auth" time="0.114" /><testcase classname="backend.tests.test_time_tracking_intent.TestIntentScoringEndpoint" name="test_get_deal_intent_scores" time="0.522" /><testcase classname="backend.tests.test_time_tracking_intent.TestIntentScoringEndpoint" name="test_intent_score_levels" time="0.097" /><testcase classname="backend.tests.test_time_tracking_intent.TestIntentScoringEndpoint" name="test_get_single_buyer_intent" time="0.672" /><testcase classname="backend.tests.test_time_tracking_intent.TestIntentScoringEndpoint" name="test_intent_factors_structure" time="0.059" /><testcase classname="backend.tests.test_time_tracking_intent.TestIntentScoringEndpoint" name="test_intent_requires_auth" time="0.105" /><testcase classname="backend.tests.test_time_tracking_intent.TestMyProcessesEndpoint" name="test_get_my_processes" time="0.053" /><testcase classname="backend.tests.test_time_tracking_intent.TestMyProcessesEndpoint" name="test_my_processes_structure" time="0.055" /><testcase classname="backend.tests.test_time_tracking_intent.TestMyProcessesEndpoint" name="test_my_processes_next_step_suggestions" time="0.058" /><testcase classname="backend.tests.test_time_tracking_intent.TestMyProcessesEndpoint" name="test_my_processes_requires_auth" time="0.101" /><testcase classname="backend.tests.test_time_tracking_intent.TestTimeSummaryEndpoint" name="test_get_buyer_time_summary" time="0.055" /></testsuite></testsuites>