<?xml version="1.0" encoding="utf-8"?><testsuites><testsuite name="pytest" errors="0" failures="0" skipped="0" tests="9" time="1.649" timestamp="2026-08-11T11:43:44.130357+00:00" hostname="agent-env-bda5adf2-2809-4e4d-80da-4a47b994f2fe"><testcase classname="tests.intelligence_layer.test_ficha_endpoint" name="test_ficha_happy_path_returns_aggregator_header" time="0.237" /><testcase classname="tests.intelligence_layer.test_ficha_endpoint" name="test_ficha_fallback_when_aggregator_notfound" time="0.230" /><testcase classname="tests.intelligence_layer.test_ficha_endpoint" name="test_ficha_fallback_404_when_identity_also_missing" time="0.230" /><testcase classname="tests.intelligence_layer.test_ficha_endpoint" name="test_ficha_governance_dpd_anonymous_aggregates_no_pii" time="0.005" /><testcase classname="tests.intelligence_layer.test_ficha_endpoint" name="test_ficha_governance_dpd_auth_passthrough_with_officers" time="0.229" /><testcase classname="tests.intelligence_layer.test_ficha_endpoint" name="test_ficha_governance_dpd_available_false_passthrough_both_modes" time="0.230" /><testcase classname="tests.intelligence_layer.test_ficha_endpoint" name="test_ficha_ownership_dpd_anonymous_hides_all_names" time="0.005" /><testcase classname="tests.intelligence_layer.test_ficha_endpoint" name="test_ficha_ownership_dpd_auth_passthrough_with_shareholders" time="0.229" /><testcase classname="tests.intelligence_layer.test_ficha_endpoint" name="test_ficha_ownership_dpd_available_false_passthrough_both_modes" time="0.231" /></testsuite></testsuites>