<?xml version="1.0" encoding="utf-8"?><testsuites name="pytest tests"><testsuite name="pytest" errors="0" failures="0" skipped="0" tests="22" time="48.097" timestamp="2026-03-22T18:04:32.069854+00:00" hostname="agent-env-f35df073-22d4-4764-abad-b3f6e5555675"><testcase classname="backend.tests.test_seller_flow.TestHealthAndBasics" name="test_health_endpoint" time="0.247" /><testcase classname="backend.tests.test_seller_flow.TestHealthAndBasics" name="test_api_root" time="0.109" /><testcase classname="backend.tests.test_seller_flow.TestAuthFlow" name="test_register_seller" time="0.354" /><testcase classname="backend.tests.test_seller_flow.TestAuthFlow" name="test_get_current_user" time="0.054" /><testcase classname="backend.tests.test_seller_flow.TestCifLookup" name="test_cif_lookup_unknown_cif" time="1.026" /><testcase classname="backend.tests.test_seller_flow.TestCifLookup" name="test_cif_lookup_invalid_cif" time="0.065" /><testcase classname="backend.tests.test_seller_flow.TestCifLookup" name="test_cif_lookup_response_structure" time="0.517" /><testcase classname="backend.tests.test_seller_flow.TestCompanyFlow" name="test_list_companies" time="0.406" /><testcase classname="backend.tests.test_seller_flow.TestCompanyFlow" name="test_get_company" time="0.110" /><testcase classname="backend.tests.test_seller_flow.TestCompanyFlow" name="test_update_financials_with_data_source" time="0.120" /><testcase classname="backend.tests.test_seller_flow.TestCompanyFlow" name="test_calculate_valuation" time="0.112" /><testcase classname="backend.tests.test_seller_flow.TestDealFlow" name="test_list_deals" time="0.395" /><testcase classname="backend.tests.test_seller_flow.TestDealFlow" name="test_get_deal" time="0.099" /><testcase classname="backend.tests.test_seller_flow.TestDealFlow" name="test_activate_deal" time="0.103" /><testcase classname="backend.tests.test_seller_flow.TestTeaserFlow" name="test_generate_teaser" time="2.318" /><testcase classname="backend.tests.test_seller_flow.TestTeaserFlow" name="test_get_teaser_for_published_deal" time="0.205" /><testcase classname="backend.tests.test_seller_flow.TestInfomemoFlow" name="test_generate_infomemo" time="41.024" /><testcase classname="backend.tests.test_seller_flow.TestInfomemoFlow" name="test_update_infomemo_json_body" time="0.115" /><testcase classname="backend.tests.test_seller_flow.TestInfomemoFlow" name="test_get_infomemo" time="0.104" /><testcase classname="backend.tests.test_seller_flow.TestMarketplace" name="test_marketplace_deals" time="0.158" /><testcase classname="backend.tests.test_seller_flow.TestMarketplace" name="test_marketplace_sectors" time="0.102" /><testcase classname="backend.tests.test_seller_flow.TestMarketplace" name="test_marketplace_stats" time="0.145" /></testsuite></testsuites>