<?xml version="1.0" encoding="utf-8"?><testsuites name="pytest tests"><testsuite name="pytest" errors="0" failures="0" skipped="0" tests="10" time="1.085" timestamp="2026-03-26T21:49:24.978151+00:00" hostname="agent-env-1117c9bb-f0d2-4cb1-9e78-b8f5863ca73a"><testcase classname="tests.test_buyer_dashboard_fase2.TestBuyerDashboardFase2" name="test_matching_deals_returns_match_reason" time="0.507" /><testcase classname="tests.test_buyer_dashboard_fase2.TestBuyerDashboardFase2" name="test_matching_deals_structure" time="0.055" /><testcase classname="tests.test_buyer_dashboard_fase2.TestBuyerDashboardFase2" name="test_notifications_list" time="0.056" /><testcase classname="tests.test_buyer_dashboard_fase2.TestBuyerDashboardFase2" name="test_notifications_unread_count" time="0.058" /><testcase classname="tests.test_buyer_dashboard_fase2.TestBuyerDashboardFase2" name="test_notifications_mark_all_read" time="0.055" /><testcase classname="tests.test_buyer_dashboard_fase2.TestBuyerDashboardFase2" name="test_saved_deals_list" time="0.058" /><testcase classname="tests.test_buyer_dashboard_fase2.TestBuyerDashboardFase2" name="test_buyer_profile_in_auth_me" time="0.055" /><testcase classname="tests.test_buyer_dashboard_fase2.TestBuyerDashboardFase2" name="test_marketplace_stats" time="0.056" /><testcase classname="tests.test_buyer_dashboard_fase2.TestBuyerDashboardFase2" name="test_my_processes" time="0.062" /><testcase classname="tests.test_buyer_dashboard_fase2.TestBuyerDashboardFase2" name="test_nda_signatures" time="0.054" /></testsuite></testsuites>