<?xml version="1.0" encoding="utf-8"?><testsuites name="pytest tests"><testsuite name="pytest" errors="0" failures="0" skipped="0" tests="16" time="5.991" timestamp="2026-03-23T20:24:16.643375+00:00" hostname="agent-env-f14910f9-a322-41d9-9c55-29f8ef83549e"><testcase classname="backend.tests.test_ux_navigation.TestAuthAndRoles" name="test_seller_login_returns_seller_role" time="0.459" /><testcase classname="backend.tests.test_ux_navigation.TestAuthAndRoles" name="test_buyer_login_returns_buyer_role" time="0.362" /><testcase classname="backend.tests.test_ux_navigation.TestSellerInteresadosAPI" name="test_interesados_endpoint_returns_200" time="0.580" /><testcase classname="backend.tests.test_ux_navigation.TestSellerInteresadosAPI" name="test_interesados_returns_enriched_buyer_data" time="0.521" /><testcase classname="backend.tests.test_ux_navigation.TestSellerInteresadosAPI" name="test_interesados_seller1_has_lois" time="0.502" /><testcase classname="backend.tests.test_ux_navigation.TestSellerInteresadosAPI" name="test_interesados_seller2_has_zero_lois" time="0.528" /><testcase classname="backend.tests.test_ux_navigation.TestSellerInteresadosAPI" name="test_interesados_requires_auth" time="0.120" /><testcase classname="backend.tests.test_ux_navigation.TestBuyerSavedDealsAPI" name="test_saved_deals_endpoint_returns_200" time="0.514" /><testcase classname="backend.tests.test_ux_navigation.TestBuyerSavedDealsAPI" name="test_saved_deals_returns_enriched_data" time="0.445" /><testcase classname="backend.tests.test_ux_navigation.TestBuyerSavedDealsAPI" name="test_saved_deals_requires_auth" time="0.110" /><testcase classname="backend.tests.test_ux_navigation.TestBuyerProcessesAPI" name="test_my_processes_returns_200" time="0.468" /><testcase classname="backend.tests.test_ux_navigation.TestBuyerProcessesAPI" name="test_my_processes_returns_processes" time="0.471" /><testcase classname="backend.tests.test_ux_navigation.TestMarketplaceAPI" name="test_marketplace_deals_returns_200" time="0.130" /><testcase classname="backend.tests.test_ux_navigation.TestMarketplaceAPI" name="test_marketplace_stats_returns_200" time="0.138" /><testcase classname="backend.tests.test_ux_navigation.TestMarketplaceAPI" name="test_marketplace_featured_returns_200" time="0.114" /><testcase classname="backend.tests.test_ux_navigation.TestCoachingNudgesAPI" name="test_seller_nudges_returns_200" time="0.445" /></testsuite></testsuites>