<?xml version="1.0" encoding="utf-8"?><testsuites name="pytest tests"><testsuite name="pytest" errors="0" failures="0" skipped="0" tests="41" time="7.608" timestamp="2026-04-09T19:20:28.975176+00:00" hostname="agent-env-10db66ba-36a8-4210-bea8-8fde3c5968fd"><testcase classname="backend.tests.test_deal_presentation_canonical.TestHealthCheck" name="test_api_health" time="0.325" /><testcase classname="backend.tests.test_deal_presentation_canonical.TestModuleStatesProBuyerWithoutNDA" name="test_pnl_state_nda_required" time="0.516" /><testcase classname="backend.tests.test_deal_presentation_canonical.TestModuleStatesProBuyerWithoutNDA" name="test_infomemo_state_nda_required" time="0.154" /><testcase classname="backend.tests.test_deal_presentation_canonical.TestModuleStatesProBuyerWithoutNDA" name="test_business_snapshot_state_open" time="0.118" /><testcase classname="backend.tests.test_deal_presentation_canonical.TestModuleStatesProBuyerWithoutNDA" name="test_financial_evolution_state_open" time="0.127" /><testcase classname="backend.tests.test_deal_presentation_canonical.TestModuleStatesProBuyerWithNDA" name="test_pnl_state_open" time="0.519" /><testcase classname="backend.tests.test_deal_presentation_canonical.TestModuleStatesProBuyerWithNDA" name="test_premium_analysis_state_plan_required" time="0.193" /><testcase classname="backend.tests.test_deal_presentation_canonical.TestModuleStatesProBuyerWithNDA" name="test_infomemo_state_open" time="0.170" /><testcase classname="backend.tests.test_deal_presentation_canonical.TestModuleStatesProBuyerWithNDA" name="test_pnl_data_included_post_nda" time="0.115" /><testcase classname="backend.tests.test_deal_presentation_canonical.TestModuleStatesFreeBuyer" name="test_free_buyer_visibility_state" time="0.450" /><testcase classname="backend.tests.test_deal_presentation_canonical.TestModuleStatesFreeBuyer" name="test_free_buyer_modules_plan_required" time="0.109" /><testcase classname="backend.tests.test_deal_presentation_canonical.TestModuleStatesProPlusBuyer" name="test_proplus_buyer_contact_required" time="0.489" /><testcase classname="backend.tests.test_deal_presentation_canonical.TestModuleStatesProPlusBuyer" name="test_proplus_buyer_premium_modules_null_without_nda" time="0.179" /><testcase classname="backend.tests.test_deal_presentation_canonical.TestFinancialDataMultiYear" name="test_financial_data_years_multi_year" time="0.147" /><testcase classname="backend.tests.test_deal_presentation_canonical.TestFinancialDataMultiYear" name="test_financial_data_cagr_computed" time="0.119" /><testcase classname="backend.tests.test_deal_presentation_canonical.TestFinancialDataMultiYear" name="test_financial_data_source" time="0.113" /><testcase classname="backend.tests.test_deal_presentation_canonical.TestDealSummarySanitization" name="test_deal_summary_no_phone" time="0.134" /><testcase classname="backend.tests.test_deal_presentation_canonical.TestDealSummarySanitization" name="test_deal_summary_no_email" time="0.107" /><testcase classname="backend.tests.test_deal_presentation_canonical.TestDealSummarySanitization" name="test_deal_summary_no_website" time="0.188" /><testcase classname="backend.tests.test_deal_presentation_canonical.TestDealSummarySanitization" name="test_deal_summary_no_address" time="0.167" /><testcase classname="backend.tests.test_deal_presentation_canonical.TestDealSummarySanitization" name="test_deal_summary_has_required_fields" time="0.112" /><testcase classname="backend.tests.test_deal_presentation_canonical.TestProcessTimeline" name="test_timeline_structure" time="0.135" /><testcase classname="backend.tests.test_deal_presentation_canonical.TestProcessTimeline" name="test_timeline_contact_completed_for_accepted" time="0.127" /><testcase classname="backend.tests.test_deal_presentation_canonical.TestProcessTimeline" name="test_timeline_nda_available_after_contact" time="0.111" /><testcase classname="backend.tests.test_deal_presentation_canonical.TestProcessTimeline" name="test_timeline_nda_completed_with_nda" time="0.144" /><testcase classname="backend.tests.test_deal_presentation_canonical.TestActionsPanel" name="test_actions_panel_structure" time="0.159" /><testcase classname="backend.tests.test_deal_presentation_canonical.TestActionsPanel" name="test_actions_panel_blocked_has_reasons" time="0.102" /><testcase classname="backend.tests.test_deal_presentation_canonical.TestActionsPanel" name="test_actions_panel_nda_recommended_for_nda_available" time="0.171" /><testcase classname="backend.tests.test_deal_presentation_canonical.TestActionsPanel" name="test_actions_panel_operative_access_has_full_actions" time="0.127" /><testcase classname="backend.tests.test_deal_presentation_canonical.TestActionsPanel" name="test_actions_panel_premium_blocked_for_pro" time="0.121" /><testcase classname="backend.tests.test_deal_presentation_canonical.TestPrimaryCTA" name="test_primary_cta_structure" time="0.121" /><testcase classname="backend.tests.test_deal_presentation_canonical.TestPrimaryCTA" name="test_primary_cta_sign_nda_for_nda_available" time="0.137" /><testcase classname="backend.tests.test_deal_presentation_canonical.TestPrimaryCTA" name="test_primary_cta_view_process_for_operative" time="0.158" /><testcase classname="backend.tests.test_deal_presentation_canonical.TestSecondaryCTA" name="test_secondary_cta_save_deal_for_locked" time="0.114" /><testcase classname="backend.tests.test_deal_presentation_canonical.TestSecondaryCTA" name="test_secondary_cta_questions_for_operative" time="0.129" /><testcase classname="backend.tests.test_deal_presentation_canonical.TestContentRichnessAndVisualMode" name="test_content_richness_score_range" time="0.129" /><testcase classname="backend.tests.test_deal_presentation_canonical.TestContentRichnessAndVisualMode" name="test_visual_mode_values" time="0.145" /><testcase classname="backend.tests.test_deal_presentation_canonical.TestContentRichnessAndVisualMode" name="test_visual_mode_consistency" time="0.112" /><testcase classname="backend.tests.test_deal_presentation_canonical.TestAuthAndErrors" name="test_presentation_requires_auth" time="0.120" /><testcase classname="backend.tests.test_deal_presentation_canonical.TestAuthAndErrors" name="test_presentation_deal_not_found" time="0.111" /><testcase classname="backend.tests.test_deal_presentation_canonical.TestAuthAndErrors" name="test_seller_cannot_access_presentation" time="0.451" /></testsuite></testsuites>