<?xml version="1.0" encoding="utf-8"?><testsuites name="pytest tests"><testsuite name="pytest" errors="0" failures="0" skipped="0" tests="16" time="3.316" timestamp="2026-03-23T20:44:54.859241+00:00" hostname="agent-env-f14910f9-a322-41d9-9c55-29f8ef83549e"><testcase classname="backend.tests.test_soft_signals.TestSoftSignalsBackend" name="test_marketplace_deals_returns_signals_array" time="0.294" /><testcase classname="backend.tests.test_soft_signals.TestSoftSignalsBackend" name="test_marketplace_deals_max_2_signals_per_deal" time="0.198" /><testcase classname="backend.tests.test_soft_signals.TestSoftSignalsBackend" name="test_marketplace_deals_no_score_exposed" time="0.183" /><testcase classname="backend.tests.test_soft_signals.TestSoftSignalsBackend" name="test_marketplace_deals_sorted_by_activity" time="0.163" /><testcase classname="backend.tests.test_soft_signals.TestSoftSignalsBackend" name="test_signal_structure" time="0.122" /><testcase classname="backend.tests.test_soft_signals.TestSoftSignalsBackend" name="test_signal_text_in_spanish" time="0.118" /><testcase classname="backend.tests.test_soft_signals.TestSoftSignalsBackend" name="test_featured_deals_returns_signals" time="0.118" /><testcase classname="backend.tests.test_soft_signals.TestSoftSignalsBackend" name="test_featured_deals_no_score_exposed" time="0.161" /><testcase classname="backend.tests.test_soft_signals.TestSoftSignalsBackend" name="test_deal_page_includes_signals" time="0.189" /><testcase classname="backend.tests.test_soft_signals.TestSoftSignalsBackend" name="test_deal_page_no_score_exposed" time="0.198" /><testcase classname="backend.tests.test_soft_signals.TestSoftSignalsBackend" name="test_stats_endpoint_returns_consistent_counts" time="0.180" /><testcase classname="backend.tests.test_soft_signals.TestSoftSignalsBackend" name="test_signal_hierarchy_loi_first" time="0.108" /><testcase classname="backend.tests.test_soft_signals.TestSoftSignalsBackend" name="test_signal_colors_match_types" time="0.115" /><testcase classname="backend.tests.test_soft_signals.TestSoftSignalsBackend" name="test_deals_without_activity_have_no_signals" time="0.148" /><testcase classname="backend.tests.test_soft_signals.TestSoftSignalsWithAuth" name="test_buyer_sees_signals_on_deal_page" time="0.535" /><testcase classname="backend.tests.test_soft_signals.TestSoftSignalsWithAuth" name="test_seller_sees_signals_on_marketplace" time="0.405" /></testsuite></testsuites>