<?xml version="1.0" encoding="utf-8"?><testsuites name="pytest tests"><testsuite name="pytest" errors="0" failures="0" skipped="1" tests="17" time="3.023" timestamp="2026-03-26T22:18:36.651638+00:00" hostname="agent-env-1117c9bb-f0d2-4cb1-9e78-b8f5863ca73a"><testcase classname="backend.tests.test_buyer_certification_fase3.TestBuyerCertificationEndpoint" name="test_certification_endpoint_returns_200" time="0.593" /><testcase classname="backend.tests.test_buyer_certification_fase3.TestBuyerCertificationEndpoint" name="test_certification_response_structure" time="0.114" /><testcase classname="backend.tests.test_buyer_certification_fase3.TestBuyerCertificationEndpoint" name="test_certification_object_fields" time="0.107" /><testcase classname="backend.tests.test_buyer_certification_fase3.TestBuyerCertificationEndpoint" name="test_certification_has_7_criteria" time="0.109" /><testcase classname="backend.tests.test_buyer_certification_fase3.TestBuyerCertificationEndpoint" name="test_criteria_have_weight_and_completed" time="0.112" /><testcase classname="backend.tests.test_buyer_certification_fase3.TestBuyerCertificationEndpoint" name="test_criteria_weights_sum_to_10" time="0.129" /><testcase classname="backend.tests.test_buyer_certification_fase3.TestBuyerCertificationEndpoint" name="test_certification_level_verified_at_50_percent" time="0.106" /><testcase classname="backend.tests.test_buyer_certification_fase3.TestPlanObject" name="test_plan_object_fields" time="0.113" /><testcase classname="backend.tests.test_buyer_certification_fase3.TestPlanObject" name="test_free_plan_tier" time="0.190" /><testcase classname="backend.tests.test_buyer_certification_fase3.TestPlanObject" name="test_free_plan_features_disabled" time="0.118" /><testcase classname="backend.tests.test_buyer_certification_fase3.TestPlanObject" name="test_free_plan_interaction_limit_zero" time="0.187" /><testcase classname="backend.tests.test_buyer_certification_fase3.TestPlanObject" name="test_free_plan_has_upgrade_message" time="0.108" /><testcase classname="backend.tests.test_buyer_certification_fase3.TestCorporateEmailCheck" name="test_corporate_email_detected_for_carlos" time="0.113" /><testcase classname="backend.tests.test_buyer_certification_fase3.TestCorporateEmailCheck" name="test_corporate_email_detected_for_james" time="0.499" /><testcase classname="backend.tests.test_buyer_certification_fase3.TestCertificationLevelThresholds" name="test_level_labels_in_spanish" time="0.112" /><testcase classname="backend.tests.test_buyer_certification_fase3.TestCertificationLevelThresholds" name="test_criteria_labels_in_spanish" time="0.125" /><testcase classname="backend.tests.test_buyer_certification_fase3.TestNonBuyerAccess" name="test_seller_cannot_access_certification" time="0.118"><skipped type="pytest.skip" message="Could not authenticate seller">/app/backend/tests/test_buyer_certification_fase3.py:285: Could not authenticate seller</skipped></testcase></testsuite></testsuites>