<?xml version="1.0" encoding="utf-8"?><testsuites name="pytest tests"><testsuite name="pytest" errors="0" failures="0" skipped="0" tests="28" time="3.265" timestamp="2026-03-22T18:47:58.217952+00:00" hostname="agent-env-f35df073-22d4-4764-abad-b3f6e5555675"><testcase classname="backend.tests.test_engagements.TestBuyerEngagementStatus" name="test_get_my_status_no_engagement" time="0.481" /><testcase classname="backend.tests.test_engagements.TestBuyerEngagementStatus" name="test_get_my_status_with_engagement" time="0.336" /><testcase classname="backend.tests.test_engagements.TestInterestSubmission" name="test_submit_interest_requires_auth" time="0.147" /><testcase classname="backend.tests.test_engagements.TestInterestSubmission" name="test_submit_interest_requires_nda" time="0.073" /><testcase classname="backend.tests.test_engagements.TestInterestSubmission" name="test_submit_interest_blocks_duplicate" time="0.054" /><testcase classname="backend.tests.test_engagements.TestInterestSubmission" name="test_submit_interest_success" time="0.104" /><testcase classname="backend.tests.test_engagements.TestLoiUpgrade" name="test_upgrade_to_loi_requires_auth" time="0.135" /><testcase classname="backend.tests.test_engagements.TestLoiUpgrade" name="test_upgrade_to_loi_not_found" time="0.053" /><testcase classname="backend.tests.test_engagements.TestLoiUpgrade" name="test_upgrade_to_loi_already_loi" time="0.105" /><testcase classname="backend.tests.test_engagements.TestSellerComparator" name="test_list_deal_engagements_requires_auth" time="0.053" /><testcase classname="backend.tests.test_engagements.TestSellerComparator" name="test_list_deal_engagements_seller_only" time="0.054" /><testcase classname="backend.tests.test_engagements.TestSellerComparator" name="test_list_deal_engagements_success" time="0.327" /><testcase classname="backend.tests.test_engagements.TestSellerComparator" name="test_comparator_auto_marks_viewed" time="0.074" /><testcase classname="backend.tests.test_engagements.TestShortlist" name="test_shortlist_buyer_requires_auth" time="0.115" /><testcase classname="backend.tests.test_engagements.TestShortlist" name="test_shortlist_buyer_seller_only" time="0.109" /><testcase classname="backend.tests.test_engagements.TestShortlist" name="test_shortlist_max_3" time="0.052" /><testcase classname="backend.tests.test_engagements.TestShortlist" name="test_remove_from_shortlist" time="0.049" /><testcase classname="backend.tests.test_engagements.TestRejectBuyer" name="test_reject_buyer_requires_auth" time="0.110" /><testcase classname="backend.tests.test_engagements.TestRejectBuyer" name="test_reject_buyer_seller_only" time="0.053" /><testcase classname="backend.tests.test_engagements.TestExclusivity" name="test_grant_exclusivity_requires_auth" time="0.120" /><testcase classname="backend.tests.test_engagements.TestExclusivity" name="test_grant_exclusivity_seller_only" time="0.054" /><testcase classname="backend.tests.test_engagements.TestSaveFollowDeal" name="test_save_deal_requires_auth" time="0.110" /><testcase classname="backend.tests.test_engagements.TestSaveFollowDeal" name="test_save_deal_success" time="0.061" /><testcase classname="backend.tests.test_engagements.TestSaveFollowDeal" name="test_check_saved_status" time="0.072" /><testcase classname="backend.tests.test_engagements.TestSaveFollowDeal" name="test_list_saved_deals" time="0.056" /><testcase classname="backend.tests.test_engagements.TestSaveFollowDeal" name="test_unsave_deal" time="0.055" /><testcase classname="backend.tests.test_engagements.TestSaveFollowDeal" name="test_save_deal_idempotent" time="0.114" /><testcase classname="backend.tests.test_engagements.TestEventTracking" name="test_events_collection_exists" time="0.053" /></testsuite></testsuites>