<?xml version="1.0" encoding="utf-8"?><testsuites name="pytest tests"><testsuite name="pytest" errors="0" failures="0" skipped="0" tests="11" time="1.769" timestamp="2026-03-26T18:37:07.083869+00:00" hostname="agent-env-1117c9bb-f0d2-4cb1-9e78-b8f5863ca73a"><testcase classname="backend.tests.test_plans_pricing.TestPlansPublicAPI" name="test_plans_public_endpoint_returns_200" time="0.333" /><testcase classname="backend.tests.test_plans_pricing.TestPlansPublicAPI" name="test_plans_public_returns_correct_structure" time="0.169" /><testcase classname="backend.tests.test_plans_pricing.TestPlansPublicAPI" name="test_plans_grouped_by_role" time="0.140" /><testcase classname="backend.tests.test_plans_pricing.TestPlansPublicAPI" name="test_seller_plans_count_and_content" time="0.128" /><testcase classname="backend.tests.test_plans_pricing.TestPlansPublicAPI" name="test_buyer_plans_count_and_content" time="0.115" /><testcase classname="backend.tests.test_plans_pricing.TestPlansPublicAPI" name="test_advisor_plan_content" time="0.171" /><testcase classname="backend.tests.test_plans_pricing.TestPlansPublicAPI" name="test_fee_rules_for_each_role" time="0.111" /><testcase classname="backend.tests.test_plans_pricing.TestPlansPublicAPI" name="test_faq_items_count" time="0.153" /><testcase classname="backend.tests.test_plans_pricing.TestPlansPublicAPI" name="test_faq_items_structure" time="0.155" /><testcase classname="backend.tests.test_plans_pricing.TestPlansPublicAPI" name="test_plan_features_exist" time="0.115" /><testcase classname="backend.tests.test_plans_pricing.TestPlansPublicAPI" name="test_plan_badges" time="0.117" /></testsuite></testsuites>