<?xml version="1.0" encoding="utf-8"?><testsuites name="pytest tests"><testsuite name="pytest" errors="0" failures="0" skipped="0" tests="14" time="3.271" timestamp="2026-03-25T20:59:12.613481+00:00" hostname="agent-env-37d71687-5231-414a-bf59-9f9e75786d48"><testcase classname="backend.tests.test_response_acceleration.TestPendingSellerEndpoint" name="test_pending_endpoint_returns_200" time="0.586" /><testcase classname="backend.tests.test_response_acceleration.TestPendingSellerEndpoint" name="test_pending_endpoint_returns_most_urgent" time="0.138" /><testcase classname="backend.tests.test_response_acceleration.TestPendingSellerEndpoint" name="test_pending_questions_have_required_fields" time="0.125" /><testcase classname="backend.tests.test_response_acceleration.TestPendingSellerEndpoint" name="test_pending_endpoint_requires_auth" time="0.157" /><testcase classname="backend.tests.test_response_acceleration.TestPendingSellerEndpoint" name="test_pending_endpoint_priority_sorting" time="0.131" /><testcase classname="backend.tests.test_response_acceleration.TestEnrichedEngagementsEndpoints" name="test_seller_interesados_has_pending_fields" time="0.128" /><testcase classname="backend.tests.test_response_acceleration.TestEnrichedEngagementsEndpoints" name="test_deal_engagements_has_pending_fields" time="0.104" /><testcase classname="backend.tests.test_response_acceleration.TestNotificationCopy" name="test_question_creates_notification_with_buyer_name" time="0.713" /><testcase classname="backend.tests.test_response_acceleration.TestCoachingNudges" name="test_deal_nudges_endpoint_exists" time="0.188" /><testcase classname="backend.tests.test_response_acceleration.TestCoachingNudges" name="test_seller_nudges_endpoint_exists" time="0.117" /><testcase classname="backend.tests.test_response_acceleration.TestCoachingNudges" name="test_nudge_structure" time="0.121" /><testcase classname="backend.tests.test_response_acceleration.TestConversationPageSorting" name="test_conversation_returns_questions" time="0.111" /><testcase classname="backend.tests.test_response_acceleration.TestConversationPageSorting" name="test_questions_have_status_field" time="0.143" /><testcase classname="backend.tests.test_response_acceleration.TestE2EFlow" name="test_e2e_question_answer_flow" time="0.412" /></testsuite></testsuites>