<?xml version="1.0" encoding="utf-8"?><testsuites name="pytest tests"><testsuite name="pytest" errors="0" failures="0" skipped="0" tests="13" time="9.953" timestamp="2026-03-22T20:03:43.054120+00:00" hostname="agent-env-c837f74b-13b6-4fba-8b61-f1cd6fd3cbbc"><testcase classname="backend.tests.test_notifications.TestNotificationsAPI" name="test_get_notifications_list" time="0.445" /><testcase classname="backend.tests.test_notifications.TestNotificationsAPI" name="test_get_unread_count" time="0.401" /><testcase classname="backend.tests.test_notifications.TestNotificationsAPI" name="test_notifications_require_auth" time="0.490" /><testcase classname="backend.tests.test_notifications.TestNotificationTriggers" name="test_nda_signed_creates_notification" time="1.366" /><testcase classname="backend.tests.test_notifications.TestNotificationTriggers" name="test_interest_submitted_creates_notification" time="0.878" /><testcase classname="backend.tests.test_notifications.TestNotificationTriggers" name="test_loi_submitted_creates_notification" time="0.862" /><testcase classname="backend.tests.test_notifications.TestNotificationTriggers" name="test_document_download_creates_notification" time="1.598" /><testcase classname="backend.tests.test_notifications.TestNotificationTriggers" name="test_dataroom_first_access_creates_notification" time="1.808" /><testcase classname="backend.tests.test_notifications.TestNotificationGrouping" name="test_notification_grouping_structure" time="0.387" /><testcase classname="backend.tests.test_notifications.TestNotificationMarkRead" name="test_mark_single_notification_read" time="0.430" /><testcase classname="backend.tests.test_notifications.TestNotificationMarkRead" name="test_mark_all_notifications_read" time="0.451" /><testcase classname="backend.tests.test_notifications.TestNotificationBellVisibility" name="test_buyer_should_not_see_notifications" time="0.383" /><testcase classname="backend.tests.test_notifications.TestEmailScaffolding" name="test_email_service_logs_placeholder" time="0.406" /></testsuite></testsuites>