<?xml version="1.0" encoding="utf-8"?><testsuites name="pytest tests"><testsuite name="pytest" errors="0" failures="0" skipped="0" tests="20" time="6.589" timestamp="2026-03-22T19:42:59.666463+00:00" hostname="agent-env-c837f74b-13b6-4fba-8b61-f1cd6fd3cbbc"><testcase classname="backend.tests.test_dataroom.TestDataRoomFolders" name="test_get_folder_structure" time="0.185" /><testcase classname="backend.tests.test_dataroom.TestDataRoomSellerOperations" name="test_upload_document" time="0.795" /><testcase classname="backend.tests.test_dataroom.TestDataRoomSellerOperations" name="test_list_documents_seller" time="0.107" /><testcase classname="backend.tests.test_dataroom.TestDataRoomSellerOperations" name="test_download_document_seller" time="0.196" /><testcase classname="backend.tests.test_dataroom.TestDataRoomSellerOperations" name="test_view_document_seller" time="0.259" /><testcase classname="backend.tests.test_dataroom.TestDataRoomSellerOperations" name="test_get_permissions_empty" time="0.106" /><testcase classname="backend.tests.test_dataroom.TestDataRoomSellerOperations" name="test_get_access_log" time="0.144" /><testcase classname="backend.tests.test_dataroom.TestDataRoomBuyerAccess" name="test_buyer_without_nda_gets_403" time="0.561" /><testcase classname="backend.tests.test_dataroom.TestDataRoomBuyerAccess" name="test_buyer_sign_nda" time="0.104" /><testcase classname="backend.tests.test_dataroom.TestDataRoomBuyerAccess" name="test_buyer_with_nda_can_access" time="0.255" /><testcase classname="backend.tests.test_dataroom.TestDataRoomBuyerAccess" name="test_buyer_download_tracks_access" time="0.354" /><testcase classname="backend.tests.test_dataroom.TestDataRoomBuyerAccess" name="test_buyer_view_tracks_access" time="0.335" /><testcase classname="backend.tests.test_dataroom.TestDataRoomPermissions" name="test_set_buyer_permissions" time="0.842" /><testcase classname="backend.tests.test_dataroom.TestDataRoomPermissions" name="test_set_full_access" time="0.101" /><testcase classname="backend.tests.test_dataroom.TestDataRoomDocumentDelete" name="test_upload_and_delete_document" time="0.831" /><testcase classname="backend.tests.test_dataroom.TestDataRoomAccessTracking" name="test_access_log_contains_buyer_info" time="0.431" /><testcase classname="backend.tests.test_dataroom.TestDataRoomUnauthorized" name="test_upload_without_auth" time="0.118" /><testcase classname="backend.tests.test_dataroom.TestDataRoomUnauthorized" name="test_permissions_without_auth" time="0.112" /><testcase classname="backend.tests.test_dataroom.TestDataRoomUnauthorized" name="test_access_log_without_auth" time="0.106" /><testcase classname="backend.tests.test_dataroom.TestDataRoomFileSizeLimit" name="test_small_file_upload_succeeds" time="0.564" /></testsuite></testsuites>