<?xml version="1.0" encoding="utf-8"?><testsuites name="pytest tests"><testsuite name="pytest" errors="0" failures="0" skipped="0" tests="21" time="8.642" timestamp="2026-04-07T19:19:54.755394+00:00" hostname="agent-env-10db66ba-36a8-4210-bea8-8fde3c5968fd"><testcase classname="tests.test_seller_profiles_workspace.TestSellerProfilesAuth" name="test_seller_login" time="0.479" /><testcase classname="tests.test_seller_profiles_workspace.TestResolveAndSave" name="test_resolve_requires_auth" time="0.115" /><testcase classname="tests.test_seller_profiles_workspace.TestResolveAndSave" name="test_resolve_requires_cif" time="0.581" /><testcase classname="tests.test_seller_profiles_workspace.TestResolveAndSave" name="test_resolve_known_cif" time="0.466" /><testcase classname="tests.test_seller_profiles_workspace.TestResolveAndSave" name="test_resolve_returns_existing_profile" time="0.633" /><testcase classname="tests.test_seller_profiles_workspace.TestResolveAndSave" name="test_resolve_unknown_cif_returns_404" time="1.159" /><testcase classname="tests.test_seller_profiles_workspace.TestOverridesAPI" name="test_update_overrides_basic" time="0.458" /><testcase classname="tests.test_seller_profiles_workspace.TestOverridesAPI" name="test_update_overrides_with_company_id" time="0.221" /><testcase classname="tests.test_seller_profiles_workspace.TestOverridesAPI" name="test_update_qualitative_signals" time="0.366" /><testcase classname="tests.test_seller_profiles_workspace.TestOverridesAPI" name="test_update_operation_types" time="0.265" /><testcase classname="tests.test_seller_profiles_workspace.TestByCompanyLookup" name="test_by_company_requires_auth" time="0.107" /><testcase classname="tests.test_seller_profiles_workspace.TestByCompanyLookup" name="test_by_company_finds_linked_profile" time="0.654" /><testcase classname="tests.test_seller_profiles_workspace.TestByCompanyLookup" name="test_by_company_returns_null_for_unknown" time="0.099" /><testcase classname="tests.test_seller_profiles_workspace.TestPanelStatus" name="test_update_panel_status" time="0.482" /><testcase classname="tests.test_seller_profiles_workspace.TestPanelStatus" name="test_panel_status_all_complete" time="0.131" /><testcase classname="tests.test_seller_profiles_workspace.TestPricing" name="test_update_pricing_define_price" time="0.471" /><testcase classname="tests.test_seller_profiles_workspace.TestPricing" name="test_update_pricing_receive_offers" time="0.107" /><testcase classname="tests.test_seller_profiles_workspace.TestCompaniesAPI" name="test_duplicate_cif_prevention" time="0.519" /><testcase classname="tests.test_seller_profiles_workspace.TestValuationCalculation" name="test_calculate_valuation_requires_financials" time="0.628" /><testcase classname="tests.test_seller_profiles_workspace.TestTaxonomyAPI" name="test_get_taxonomy_categories" time="0.474" /><testcase classname="tests.test_seller_profiles_workspace.TestBuyerFacingProfile" name="test_buyer_facing_sanitizes_data" time="0.141" /></testsuite></testsuites>