<?xml version="1.0" encoding="utf-8"?><testsuites name="pytest tests"><testsuite name="pytest" errors="0" failures="0" skipped="0" tests="18" time="7.363" timestamp="2026-03-22T20:53:50.916598+00:00" hostname="agent-env-f5320665-2732-4f6c-aab5-4ba5da0c9781"><testcase classname="tests.test_seed_data_validation.TestLoginWithSeedData" name="test_buyer_login_success" time="0.389" /><testcase classname="tests.test_seed_data_validation.TestLoginWithSeedData" name="test_seller_login_success" time="0.324" /><testcase classname="tests.test_seed_data_validation.TestLoginWithSeedData" name="test_other_sellers_login" time="1.362" /><testcase classname="tests.test_seed_data_validation.TestMarketplaceDeals" name="test_marketplace_returns_7_published_deals" time="0.118" /><testcase classname="tests.test_seed_data_validation.TestMarketplaceDeals" name="test_marketplace_excludes_draft_deal" time="0.111" /><testcase classname="tests.test_seed_data_validation.TestMarketplaceDeals" name="test_marketplace_excludes_exclusivity_deals" time="0.114" /><testcase classname="tests.test_seed_data_validation.TestIntentScoring" name="test_intent_score_hot_deal_buyer" time="0.452" /><testcase classname="tests.test_seed_data_validation.TestIntentScoring" name="test_intent_score_requires_auth" time="0.119" /><testcase classname="tests.test_seed_data_validation.TestSuggestionsEngine" name="test_suggestions_deal_hot_seo_01" time="0.443" /><testcase classname="tests.test_seed_data_validation.TestSuggestionsEngine" name="test_suggestions_deal_loi_sin_act_05" time="0.436" /><testcase classname="tests.test_seed_data_validation.TestSuggestionsEngine" name="test_suggestions_deal_alta_act_06" time="0.465" /><testcase classname="tests.test_seed_data_validation.TestSuggestionsEngine" name="test_suggestions_deal_shortlist_full_07" time="0.464" /><testcase classname="tests.test_seed_data_validation.TestEngagements" name="test_my_processes_returns_2_active" time="0.112" /><testcase classname="tests.test_seed_data_validation.TestEngagements" name="test_shortlist_full_returns_400" time="0.474" /><testcase classname="tests.test_seed_data_validation.TestEngagements" name="test_deal_engagements_creative_02" time="0.452" /><testcase classname="tests.test_seed_data_validation.TestEdgeCases" name="test_ghost_buyer_deal_03" time="0.463" /><testcase classname="tests.test_seed_data_validation.TestEdgeCases" name="test_dead_deal_04" time="0.508" /><testcase classname="tests.test_seed_data_validation.TestEdgeCases" name="test_exclusivity_premature_deal_08" time="0.478" /></testsuite></testsuites>