<?xml version="1.0" encoding="utf-8"?><testsuites name="pytest tests"><testsuite name="pytest" errors="0" failures="1" skipped="0" tests="27" time="19.200" timestamp="2026-04-09T22:27:30.389124+00:00" hostname="agent-env-10db66ba-36a8-4210-bea8-8fde3c5968fd"><testcase classname="tests.test_deal_presentation_premium.TestHealthCheck" name="test_api_health" time="0.310" /><testcase classname="tests.test_deal_presentation_premium.TestFreeBuyerDealHotSeo" name="test_free_buyer_teaser_unlocked" time="0.516" /><testcase classname="tests.test_deal_presentation_premium.TestFreeBuyerDealHotSeo" name="test_free_buyer_modules_plan_required" time="0.109" /><testcase classname="tests.test_deal_presentation_premium.TestProBuyerDealHotSeo" name="test_pro_buyer_nda_available" time="0.446" /><testcase classname="tests.test_deal_presentation_premium.TestProBuyerDealHotSeo" name="test_pro_buyer_pnl_nda_required" time="0.119" /><testcase classname="tests.test_deal_presentation_premium.TestProBuyerDealHotSeo" name="test_pro_buyer_infomemo_nda_required" time="0.122" /><testcase classname="tests.test_deal_presentation_premium.TestProBuyerWithNDADealHotSeo" name="test_pro_buyer_with_nda_operative_access" time="0.481" /><testcase classname="tests.test_deal_presentation_premium.TestProBuyerWithNDADealHotSeo" name="test_pro_buyer_with_nda_all_modules_open" time="0.103"><failure message="AssertionError: assert 'hidden_only_if_no_data' == 'open'&#10;  &#10;  - open&#10;  + hidden_only_if_no_data">tests/test_deal_presentation_premium.py:170: in test_pro_buyer_with_nda_all_modules_open
    assert data["modules"]["dataroom"]["state"] == "open"
E   AssertionError: assert 'hidden_only_if_no_data' == 'open'
E     
E     - open
E     + hidden_only_if_no_data</failure></testcase><testcase classname="tests.test_deal_presentation_premium.TestProPlusBuyerCISDeal" name="test_proplus_buyer_operative_access" time="0.443" /><testcase classname="tests.test_deal_presentation_premium.TestProPlusBuyerCISDeal" name="test_proplus_buyer_premium_quant_available" time="0.156" /><testcase classname="tests.test_deal_presentation_premium.TestProPlusBuyerCISDeal" name="test_proplus_buyer_premium_valuation_available" time="0.129" /><testcase classname="tests.test_deal_presentation_premium.TestPremiumValuationStructure" name="test_premium_valuation_quality_score" time="0.188" /><testcase classname="tests.test_deal_presentation_premium.TestPremiumValuationStructure" name="test_premium_valuation_quality_drivers" time="0.134" /><testcase classname="tests.test_deal_presentation_premium.TestPremiumValuationStructure" name="test_premium_valuation_scenarios" time="0.126" /><testcase classname="tests.test_deal_presentation_premium.TestPremiumValuationStructure" name="test_premium_valuation_parameters" time="0.124" /><testcase classname="tests.test_deal_presentation_premium.TestPremiumValuationStructure" name="test_premium_valuation_methodology" time="0.126" /><testcase classname="tests.test_deal_presentation_premium.TestPremiumQuantKPIs" name="test_premium_quant_kpis_count" time="0.176" /><testcase classname="tests.test_deal_presentation_premium.TestPremiumQuantKPIs" name="test_premium_quant_kpi_structure" time="0.127" /><testcase classname="tests.test_deal_presentation_premium.TestPremiumQuantKPIs" name="test_premium_quant_kpi_levels" time="0.138" /><testcase classname="tests.test_deal_presentation_premium.TestPremiumAnalysisEndpoint" name="test_premium_analysis_returns_403_for_non_proplus" time="0.156" /><testcase classname="tests.test_deal_presentation_premium.TestPremiumAnalysisEndpoint" name="test_premium_analysis_returns_403_without_nda" time="0.106" /><testcase classname="tests.test_deal_presentation_premium.TestPremiumAnalysisEndpoint" name="test_premium_analysis_returns_analysis" time="14.102" /><testcase classname="tests.test_deal_presentation_premium.TestPremiumAnalysisEndpoint" name="test_premium_analysis_cache_hit" time="0.164" /><testcase classname="tests.test_deal_presentation_premium.TestDealSummarySanitization" name="test_deal_summary_no_contact_info" time="0.133" /><testcase classname="tests.test_deal_presentation_premium.TestProcessTimeline" name="test_process_timeline_operative_access" time="0.119" /><testcase classname="tests.test_deal_presentation_premium.TestActionsPanelUpgradeHints" name="test_actions_panel_premium_blocked_for_pro" time="0.112" /><testcase classname="tests.test_deal_presentation_premium.TestQualityScoreDriversActualValues" name="test_quality_drivers_have_actual_values" time="0.112" /></testsuite></testsuites>